[    0.000000] Linux version 4.15.0-212-generic (buildd@lcy02-amd64-083) (gcc version 7.5.0 (Ubuntu 7.5.0-3ubuntu1~18.04)) #223-Ubuntu SMP Tue May 23 13:09:22 UTC 2023 (Ubuntu 4.15.0-212.223-generic 4.15.18)
[    0.000000] Command line: BOOT_IMAGE=/boot/vmlinuz-4.15.0-212-generic root=LABEL=cloudimg-rootfs ro console=tty1 console=ttyS0
[    0.000000] KERNEL supported cpus:
[    0.000000]   Intel GenuineIntel
[    0.000000]   AMD AuthenticAMD
[    0.000000]   Centaur CentaurHauls
[    0.000000] [Firmware Bug]: TSC doesn't count with P0 frequency!
[    0.000000] x86/fpu: x87 FPU will use FXSAVE
[    0.000000] e820: BIOS-provided physical RAM map:
[    0.000000] BIOS-e820: [mem 0x0000000000000000-0x000000000009fbff] usable
[    0.000000] BIOS-e820: [mem 0x000000000009fc00-0x000000000009ffff] reserved
[    0.000000] BIOS-e820: [mem 0x00000000000f0000-0x00000000000fffff] reserved
[    0.000000] BIOS-e820: [mem 0x0000000000100000-0x000000003ffeffff] usable
[    0.000000] BIOS-e820: [mem 0x000000003fff0000-0x000000003fffffff] ACPI data
[    0.000000] BIOS-e820: [mem 0x00000000fec00000-0x00000000fec00fff] reserved
[    0.000000] BIOS-e820: [mem 0x00000000fee00000-0x00000000fee00fff] reserved
[    0.000000] BIOS-e820: [mem 0x00000000fffc0000-0x00000000ffffffff] reserved
[    0.000000] NX (Execute Disable) protection: active
[    0.000000] SMBIOS 2.5 present.
[    0.000000] DMI: innotek GmbH VirtualBox/VirtualBox, BIOS VirtualBox 12/01/2006
[    0.000000] Hypervisor detected: KVM
[    0.000000] e820: last_pfn = 0x3fff0 max_arch_pfn = 0x400000000
[    0.000000] MTRR: Disabled
[    0.000000] x86/PAT: MTRRs disabled, skipping PAT initialization too.
[    0.000000] CPU MTRRs all blank - virtualized system.
[    0.000000] x86/PAT: Configuration [0-7]: WB  WT  UC- UC  WB  WT  UC- UC  
[    0.000000] found SMP MP-table at [mem 0x0009fff0-0x0009ffff]
[    0.000000] Scanning 1 areas for low memory corruption
[    0.000000] RAMDISK: [mem 0x359cb000-0x36cdcfff]
[    0.000000] ACPI: Early table checksum verification disabled
[    0.000000] ACPI: RSDP 0x00000000000E0000 000024 (v02 VBOX  )
[    0.000000] ACPI: XSDT 0x000000003FFF0030 00003C (v01 VBOX   VBOXXSDT 00000001 ASL  00000061)
[    0.000000] ACPI: FACP 0x000000003FFF00F0 0000F4 (v04 VBOX   VBOXFACP 00000001 ASL  00000061)
[    0.000000] ACPI: DSDT 0x000000003FFF0610 002353 (v02 VBOX   VBOXBIOS 00000002 INTL 20100528)
[    0.000000] ACPI: FACS 0x000000003FFF0200 000040
[    0.000000] ACPI: FACS 0x000000003FFF0200 000040
[    0.000000] ACPI: APIC 0x000000003FFF0240 00005C (v02 VBOX   VBOXAPIC 00000001 ASL  00000061)
[    0.000000] ACPI: SSDT 0x000000003FFF02A0 00036C (v01 VBOX   VBOXCPUT 00000002 INTL 20100528)
[    0.000000] ACPI: Reserving FACP table memory at [mem 0x3fff00f0-0x3fff01e3]
[    0.000000] ACPI: Reserving DSDT table memory at [mem 0x3fff0610-0x3fff2962]
[    0.000000] ACPI: Reserving FACS table memory at [mem 0x3fff0200-0x3fff023f]
[    0.000000] ACPI: Reserving FACS table memory at [mem 0x3fff0200-0x3fff023f]
[    0.000000] ACPI: Reserving APIC table memory at [mem 0x3fff0240-0x3fff029b]
[    0.000000] ACPI: Reserving SSDT table memory at [mem 0x3fff02a0-0x3fff060b]
[    0.000000] No NUMA configuration found
[    0.000000] Faking a node at [mem 0x0000000000000000-0x000000003ffeffff]
[    0.000000] NODE_DATA(0) allocated [mem 0x3ffc5000-0x3ffeffff]
[    0.000000] kvm-clock: cpu 0, msr 0:3ff44001, primary cpu clock
[    0.000000] kvm-clock: Using msrs 4b564d01 and 4b564d00
[    0.000000] kvm-clock: using sched offset of 7562920378 cycles
[    0.000000] clocksource: kvm-clock: mask: 0xffffffffffffffff max_cycles: 0x1cd42e4dffb, max_idle_ns: 881590591483 ns
[    0.000000] Zone ranges:
[    0.000000]   DMA      [mem 0x0000000000001000-0x0000000000ffffff]
[    0.000000]   DMA32    [mem 0x0000000001000000-0x000000003ffeffff]
[    0.000000]   Normal   empty
[    0.000000]   Device   empty
[    0.000000] Movable zone start for each node
[    0.000000] Early memory node ranges
[    0.000000]   node   0: [mem 0x0000000000001000-0x000000000009efff]
[    0.000000]   node   0: [mem 0x0000000000100000-0x000000003ffeffff]
[    0.000000] Reserved but unavailable: 104 pages
[    0.000000] Initmem setup node 0 [mem 0x0000000000001000-0x000000003ffeffff]
[    0.000000] ACPI: PM-Timer IO Port: 0x4008
[    0.000000] IOAPIC[0]: apic_id 2, version 32, address 0xfec00000, GSI 0-23
[    0.000000] ACPI: INT_SRC_OVR (bus 0 bus_irq 0 global_irq 2 dfl dfl)
[    0.000000] ACPI: INT_SRC_OVR (bus 0 bus_irq 9 global_irq 9 low level)
[    0.000000] Using ACPI (MADT) for SMP configuration information
[    0.000000] smpboot: Allowing 2 CPUs, 0 hotplug CPUs
[    0.000000] PM: Registered nosave memory: [mem 0x00000000-0x00000fff]
[    0.000000] PM: Registered nosave memory: [mem 0x0009f000-0x0009ffff]
[    0.000000] PM: Registered nosave memory: [mem 0x000a0000-0x000effff]
[    0.000000] PM: Registered nosave memory: [mem 0x000f0000-0x000fffff]
[    0.000000] e820: [mem 0x40000000-0xfebfffff] available for PCI devices
[    0.000000] Booting paravirtualized kernel on KVM
[    0.000000] clocksource: refined-jiffies: mask: 0xffffffff max_cycles: 0xffffffff, max_idle_ns: 7645519600211568 ns
[    0.000000] setup_percpu: NR_CPUS:8192 nr_cpumask_bits:2 nr_cpu_ids:2 nr_node_ids:1
[    0.000000] percpu: Embedded 50 pages/cpu s167936 r8192 d28672 u1048576
[    0.000000] PV qspinlock hash table entries: 256 (order: 0, 4096 bytes)
[    0.000000] Built 1 zonelists, mobility grouping on.  Total pages: 257913
[    0.000000] Policy zone: DMA32
[    0.000000] Kernel command line: BOOT_IMAGE=/boot/vmlinuz-4.15.0-212-generic root=LABEL=cloudimg-rootfs ro console=tty1 console=ttyS0
[    0.000000] Memory: 982644K/1048120K available (12300K kernel code, 2477K rwdata, 4324K rodata, 2480K init, 2720K bss, 65476K reserved, 0K cma-reserved)
[    0.000000] SLUB: HWalign=64, Order=0-3, MinObjects=0, CPUs=2, Nodes=1
[    0.000000] ftrace: allocating 39508 entries in 155 pages
[    0.004000] Hierarchical RCU implementation.
[    0.004000] 	RCU restricting CPUs from NR_CPUS=8192 to nr_cpu_ids=2.
[    0.004000] 	Tasks RCU enabled.
[    0.004000] RCU: Adjusting geometry for rcu_fanout_leaf=16, nr_cpu_ids=2
[    0.004000] NR_IRQS: 524544, nr_irqs: 440, preallocated irqs: 16
[    0.004000] random: crng init done
[    0.004000] Console: colour VGA+ 80x25
[    0.004000] console [tty1] enabled
[    0.004000] console [ttyS0] enabled
[    0.004000] ACPI: Core revision 20170831
[    0.004000] ACPI: 2 ACPI AML tables successfully acquired and loaded
[    0.004000] APIC: Switch to symmetric I/O mode setup
[    0.004000] ..TIMER: vector=0x30 apic1=0 pin1=2 apic2=-1 pin2=-1
[    0.004011] tsc: Detected 1996.275 MHz processor
[    0.008012] Calibrating delay loop (skipped) preset value.. 3992.55 BogoMIPS (lpj=7985100)
[    0.012012] pid_max: default: 32768 minimum: 301
[    0.016154] Security Framework initialized
[    0.020010] Yama: becoming mindful.
[    0.024199] AppArmor: AppArmor initialized
[    0.038179] Dentry cache hash table entries: 131072 (order: 8, 1048576 bytes)
[    0.044104] Inode-cache hash table entries: 65536 (order: 7, 524288 bytes)
[    0.048182] Mount-cache hash table entries: 2048 (order: 2, 16384 bytes)
[    0.056195] Mountpoint-cache hash table entries: 2048 (order: 2, 16384 bytes)
[    0.063065] Last level iTLB entries: 4KB 1024, 2MB 1024, 4MB 512
[    0.064011] Last level dTLB entries: 4KB 2048, 2MB 2048, 4MB 1024, 1GB 0
[    0.068011] Spectre V1 : Mitigation: usercopy/swapgs barriers and __user pointer sanitization
[    0.072010] Spectre V2 : Mitigation: Retpolines
[    0.076008] Spectre V2 : Spectre v2 / SpectreRSB mitigation: Filling RSB on context switch
[    0.080010] Spectre V2 : Spectre v2 / SpectreRSB : Filling RSB on VMEXIT
[    0.084010] RETBleed: Vulnerable
[    0.088290] Freeing SMP alternatives memory: 36K
[    0.212017] APIC calibration not consistent with PM-Timer: 101ms instead of 100ms
[    0.216000] APIC delta adjusted to PM-Timer: 6379213 (6492504)
[    0.216757] smpboot: CPU0: AMD Ryzen 7 4700U with Radeon Graphics (family: 0x17, model: 0x60, stepping: 0x1)
[    0.224261] Performance Events: PMU not available due to virtualization, using software events only.
[    0.228289] Hierarchical SRCU implementation.
[    0.236284] NMI watchdog: Perf event create on CPU 0 failed with -2
[    0.240010] NMI watchdog: Perf NMI watchdog permanently disabled
[    0.244834] smp: Bringing up secondary CPUs ...
[    0.250003] x86: Booting SMP configuration:
[    0.252013] .... node  #0, CPUs:      #1
[    0.004000] kvm-clock: cpu 1, msr 0:3ff44041, secondary cpu clock
[    0.274964] TSC synchronization [CPU#0 -> CPU#1]:
[    0.276000] Measured 289033 cycles TSC warp between CPUs, turning off TSC clock.
[    0.276000] tsc: Marking TSC unstable due to check_tsc_sync_source failed
[    0.280475] smp: Brought up 1 node, 2 CPUs
[    0.284016] smpboot: Max logical packages: 1
[    0.288013] smpboot: Total of 2 processors activated (7985.10 BogoMIPS)
[    0.296441] devtmpfs: initialized
[    0.305449] x86/mm: Memory block size: 128MB
[    0.316811] evm: security.selinux
[    0.328009] evm: security.SMACK64
[    0.336012] evm: security.SMACK64EXEC
[    0.348007] evm: security.SMACK64TRANSMUTE
[    0.356006] evm: security.SMACK64MMAP
[    0.368009] evm: security.apparmor
[    0.380007] evm: security.ima
[    0.384006] evm: security.capability
[    0.396894] clocksource: jiffies: mask: 0xffffffff max_cycles: 0xffffffff, max_idle_ns: 7645041785100000 ns
[    0.400202] futex hash table entries: 512 (order: 3, 32768 bytes)
[    0.404320] pinctrl core: initialized pinctrl subsystem
[    0.409168] RTC time: 13:12:38, date: 01/25/24
[    0.417202] NET: Registered protocol family 16
[    0.420291] audit: initializing netlink subsys (disabled)
[    0.428388] audit: type=2000 audit(1706188366.131:1): state=initialized audit_enabled=0 res=1
[    0.444205] cpuidle: using governor ladder
[    0.452384] cpuidle: using governor menu
[    0.464061] ACPI: bus type PCI registered
[    0.468007] acpiphp: ACPI Hot Plug PCI Controller Driver version: 0.5
[    0.476806] PCI: Using configuration type 1 for base access
[    0.480004] PCI: Using configuration type 1 for extended access
[    0.492384] HugeTLB registered 2.00 MiB page size, pre-allocated 0 pages
[    0.501162] ACPI: Added _OSI(Module Device)
[    0.508008] ACPI: Added _OSI(Processor Device)
[    0.516012] ACPI: Added _OSI(3.0 _SCP Extensions)
[    0.524012] ACPI: Added _OSI(Processor Aggregator Device)
[    0.536013] ACPI: Added _OSI(Linux-Dell-Video)
[    0.544012] ACPI: Added _OSI(Linux-Lenovo-NV-HDMI-Audio)
[    0.552022] ACPI: Added _OSI(Linux-HPI-Hybrid-Graphics)
[    0.564123] ACPI: Executed 1 blocks of module-level executable AML code
[    0.585417] ACPI: Interpreter enabled
[    0.592032] ACPI: (supports S0 S5)
[    0.596009] ACPI: Using IOAPIC for interrupt routing
[    0.604704] PCI: Using host bridge windows from ACPI; if necessary, use "pci=nocrs" and report a bug
[    0.620420] ACPI: Enabled 2 GPEs in block 00 to 07
[    0.646766] ACPI: PCI Root Bridge [PCI0] (domain 0000 [bus 00-ff])
[    0.656022] acpi PNP0A03:00: _OSC: OS supports [ExtendedConfig ASPM ClockPM Segments MSI]
[    0.670792] acpi PNP0A03:00: _OSC: platform does not support [PCIeCapability]
[    0.684166] acpi PNP0A03:00: _OSC: not requesting control; platform does not support [PCIeCapability]
[    0.696025] acpi PNP0A03:00: _OSC: OS requested [PCIeHotplug PME AER PCIeCapability]
[    0.708013] acpi PNP0A03:00: _OSC: platform willing to grant [PCIeHotplug PME AER]
[    0.720009] acpi PNP0A03:00: _OSC failed (AE_SUPPORT); disabling ASPM
[    0.733251] PCI host bridge to bus 0000:00
[    0.740007] pci_bus 0000:00: root bus resource [io  0x0000-0x0cf7 window]
[    0.748008] pci_bus 0000:00: root bus resource [io  0x0d00-0xffff window]
[    0.760009] pci_bus 0000:00: root bus resource [mem 0x000a0000-0x000bffff window]
[    0.768009] pci_bus 0000:00: root bus resource [mem 0x40000000-0xfdffffff window]
[    0.780014] pci_bus 0000:00: root bus resource [bus 00-ff]
[    0.801297] pci 0000:00:01.1: legacy IDE quirk: reg 0x10: [io  0x01f0-0x01f7]
[    0.808006] pci 0000:00:01.1: legacy IDE quirk: reg 0x14: [io  0x03f6]
[    0.820013] pci 0000:00:01.1: legacy IDE quirk: reg 0x18: [io  0x0170-0x0177]
[    0.832012] pci 0000:00:01.1: legacy IDE quirk: reg 0x1c: [io  0x0376]
[    0.876182] pci 0000:00:07.0: quirk: [io  0x4000-0x403f] claimed by PIIX4 ACPI
[    0.884065] pci 0000:00:07.0: quirk: [io  0x4100-0x410f] claimed by PIIX4 SMB
[    0.915633] ACPI: PCI Interrupt Link [LNKA] (IRQs 5 9 10 *11)
[    0.924368] ACPI: PCI Interrupt Link [LNKB] (IRQs 5 9 *10 11)
[    0.932342] ACPI: PCI Interrupt Link [LNKC] (IRQs 5 *9 10 11)
[    0.940345] ACPI: PCI Interrupt Link [LNKD] (IRQs 5 9 10 *11)
[    0.949195] SCSI subsystem initialized
[    0.956474] pci 0000:00:02.0: vgaarb: setting as boot VGA device
[    0.960000] pci 0000:00:02.0: vgaarb: VGA device added: decodes=io+mem,owns=io+mem,locks=none
[    0.976021] pci 0000:00:02.0: vgaarb: bridge control possible
[    0.984008] vgaarb: loaded
[    0.992067] ACPI: bus type USB registered
[    0.996089] usbcore: registered new interface driver usbfs
[    1.004024] usbcore: registered new interface driver hub
[    1.012099] usbcore: registered new device driver usb
[    1.024355] EDAC MC: Ver: 3.0.0
[    1.032199] PCI: Using ACPI for IRQ routing
[    1.037218] NetLabel: Initializing
[    1.044005] NetLabel:  domain hash size = 128
[    1.048006] NetLabel:  protocols = UNLABELED CIPSOv4 CALIPSO
[    1.056246] NetLabel:  unlabeled traffic allowed by default
[    1.068017] clocksource: Switched to clocksource kvm-clock
[    1.098998] VFS: Disk quotas dquot_6.6.0
[    1.145354] VFS: Dquot-cache hash table entries: 512 (order 0, 4096 bytes)
[    1.149236] AppArmor: AppArmor Filesystem Enabled
[    1.149236] pnp: PnP ACPI init
[    1.149236] pnp: PnP ACPI: found 3 devices
[    1.226826] clocksource: acpi_pm: mask: 0xffffff max_cycles: 0xffffff, max_idle_ns: 2085701024 ns
[    1.228964] NET: Registered protocol family 2
[    1.228964] IP idents hash table entries: 16384 (order: 5, 131072 bytes)
[    1.250716] TCP established hash table entries: 8192 (order: 4, 65536 bytes)
[    1.260190] TCP bind hash table entries: 8192 (order: 5, 131072 bytes)
[    1.263736] TCP: Hash tables configured (established 8192 bind 8192)
[    1.263736] UDP hash table entries: 512 (order: 2, 16384 bytes)
[    1.263736] UDP-Lite hash table entries: 512 (order: 2, 16384 bytes)
[    1.263736] NET: Registered protocol family 1
[    1.263736] pci 0000:00:00.0: Limiting direct PCI/PCI transfers
[    1.263736] pci 0000:00:01.0: Activating ISA DMA hang workarounds
[    1.263736] pci 0000:00:02.0: Video device with shadowed ROM at [mem 0x000c0000-0x000dffff]
[    1.263736] Unpacking initramfs...
[    1.263736] Freeing initrd memory: 19528K
[    1.263736] clocksource: tsc: mask: 0xffffffffffffffff max_cycles: 0x398cdf2cd0e, max_idle_ns: 881590531672 ns
[    1.263736] platform rtc_cmos: registered platform RTC device (no PNP device found)
[    1.914183] Scanning for low memory corruption every 60 seconds
[    1.931268] Initialise system trusted keyrings
[    1.935708] Key type blacklist registered
[    1.940862] workingset: timestamp_bits=36 max_order=18 bucket_order=0
[    1.949357] zbud: loaded
[    1.953993] squashfs: version 4.0 (2009/01/31) Phillip Lougher
[    1.961840] fuse init (API version 7.26)
[    2.003296] Key type asymmetric registered
[    2.007741] Asymmetric key parser 'x509' registered
[    2.013411] Block layer SCSI generic (bsg) driver version 0.4 loaded (major 246)
[    2.021314] io scheduler noop registered
[    2.025365] io scheduler deadline registered
[    2.029729] io scheduler cfq registered (default)
[    2.036716] ACPI: AC Adapter [AC] (off-line)
[    2.041794] input: Power Button as /devices/LNXSYSTM:00/LNXPWRBN:00/input/input0
[    2.051475] ACPI: Power Button [PWRF]
[    2.055870] input: Sleep Button as /devices/LNXSYSTM:00/LNXSLPBN:00/input/input1
[    2.063557] ACPI: Sleep Button [SLPF]
[    2.070979] ACPI: Battery Slot [BAT0] (battery present)
[    2.076530] Serial: 8250/16550 driver, 32 ports, IRQ sharing enabled
[    2.111526] 00:02: ttyS0 at I/O 0x3f8 (irq = 4, base_baud = 115200) is a 16550A
[    2.140541] Linux agpgart interface v0.103
[    2.160385] loop: module loaded
[    2.167349] scsi host0: ata_piix
[    2.172691] scsi host1: ata_piix
[    2.177099] ata1: PATA max UDMA/33 cmd 0x1f0 ctl 0x3f6 bmdma 0xd000 irq 14
[    2.180969] ata2: PATA max UDMA/33 cmd 0x170 ctl 0x376 bmdma 0xd008 irq 15
[    2.190265] tun: Universal TUN/TAP device driver, 1.6
[    2.196626] PPP generic driver version 2.4.2
[    2.201085] ehci_hcd: USB 2.0 'Enhanced' Host Controller (EHCI) Driver
[    2.207233] ehci-pci: EHCI PCI platform driver
[    2.211843] ehci-platform: EHCI generic platform driver
[    2.216810] ohci_hcd: USB 1.1 'Open' Host Controller (OHCI) Driver
[    2.222587] ohci-pci: OHCI PCI platform driver
[    2.226540] ohci-platform: OHCI generic platform driver
[    2.232159] uhci_hcd: USB Universal Host Controller Interface driver
[    2.238854] i8042: PNP: PS/2 Controller [PNP0303:PS2K,PNP0f03:PS2M] at 0x60,0x64 irq 1,12
[    2.251096] serio: i8042 KBD port at 0x60,0x64 irq 1
[    2.255728] serio: i8042 AUX port at 0x60,0x64 irq 12
[    2.262623] mousedev: PS/2 mouse device common for all mice
[    2.272674] rtc_cmos rtc_cmos: rtc core: registered rtc_cmos as rtc0
[    2.272658] input: AT Translated Set 2 keyboard as /devices/platform/i8042/serio0/input/input2
[    2.280469] rtc_cmos rtc_cmos: alarms up to one day, 114 bytes nvram
[    2.293490] i2c /dev entries driver
[    2.298551] device-mapper: uevent: version 1.0.3
[    2.303730] device-mapper: ioctl: 4.37.0-ioctl (2017-09-20) initialised: dm-devel@redhat.com
[    2.312839] ledtrig-cpu: registered to indicate activity on CPUs
[    2.322195] NET: Registered protocol family 10
[    2.341492] Segment Routing with IPv6
[    2.345354] NET: Registered protocol family 17
[    2.356276] Key type dns_resolver registered
[    2.426516] mce: Using 0 MCE banks
[    2.431398] RAS: Correctable Errors collector initialized.
[    2.437710] sched_clock: Marking stable (2437618366, 0)->(3795740602, -1358122236)
[    2.449035] registered taskstats version 1
[    2.453469] Loading compiled-in X.509 certificates
[    2.463689] Loaded X.509 cert 'Build time autogenerated kernel key: b5b26778eaa3ab3a4a6cee031137706e947d12ad'
[    2.474922] Loaded X.509 cert 'Canonical Ltd. Live Patch Signing: 14df34d1a87cf37625abec039ef2bf521249b969'
[    2.485346] Loaded X.509 cert 'Canonical Ltd. Kernel Module Signing: 88f752e560a1e0737e31163a466ad7b70a850c19'
[    2.495342] blacklist: Loading compiled-in revocation X.509 certificates
[    2.503530] Loaded X.509 cert 'Canonical Ltd. Secure Boot Signing: 61482aa2830d0ab2ad5af10b7250da9033ddcef0'
[    2.513556] Loaded X.509 cert 'Canonical Ltd. Secure Boot Signing (2017): 242ade75ac4a15e50d50c84b0d45ff3eae707a03'
[    2.523155] Loaded X.509 cert 'Canonical Ltd. Secure Boot Signing (ESM 2018): 365188c1d374d6b07c3c8f240f8ef722433d6a8b'
[    2.534071] Loaded X.509 cert 'Canonical Ltd. Secure Boot Signing (2019): c0746fd6c5da3ae827864651ad66ae47fe24b3e8'
[    2.543697] Loaded X.509 cert 'Canonical Ltd. Secure Boot Signing (2021 v1): a8d54bbb3825cfb94fa13c9f8a594a195c107b8d'
[    2.553471] Loaded X.509 cert 'Canonical Ltd. Secure Boot Signing (2021 v2): 4cf046892d6fd3c9a5b03f98d845f90851dc6a8c'
[    2.563695] Loaded X.509 cert 'Canonical Ltd. Secure Boot Signing (2021 v3): 100437bb6de6e469b581e61cd66bce3ef4ed53af'
[    2.573513] Loaded X.509 cert 'Canonical Ltd. Secure Boot Signing (Ubuntu Core 2019): c1d57b8f6b743f23ee41f4f7ee292f06eecadfb9'
[    2.583979] zswap: loaded using pool lzo/zbud
[    2.601160] Key type big_key registered
[    2.605561] Key type trusted registered
[    2.613441] Key type encrypted registered
[    2.617877] AppArmor: AppArmor sha1 policy hashing enabled
[    2.623414] ima: No TPM chip found, activating TPM-bypass! (rc=-19)
[    2.629565] ima: Allocated hash algorithm: sha1
[    2.634323] evm: HMAC attrs: 0x1
[    2.639275]   Magic number: 8:394:231
[    2.643990] rtc_cmos rtc_cmos: setting system clock to 2024-01-25 13:12:40 UTC (1706188360)
[    2.652960] BIOS EDD facility v0.16 2004-Jun-25, 0 devices found
[    2.659280] EDD information not available.
[    2.668110] Freeing unused kernel image memory: 2480K
[    2.688732] Write protecting the kernel read-only data: 20480k
[    2.697492] Freeing unused kernel image memory: 2008K
[    2.703165] Freeing unused kernel image memory: 1820K
[    2.714265] x86/mm: Checked W+X mappings: passed, no W+X pages found.
Loading, please wait...
starting version 237
[    2.800499] e1000: Intel(R) PRO/1000 Network Driver - version 7.3.21-k8-NAPI
[    2.807710] e1000: Copyright (c) 1999-2006 Intel Corporation.
[    2.825046] Fusion MPT base driver 3.04.20
[    2.829609] Copyright (c) 1999-2008 LSI Corporation
[    2.848573] SSE version of gcm_enc/dec engaged.
[    2.862491] Fusion MPT SPI Host driver 3.04.20
[    3.065456] input: ImExPS/2 Generic Explorer Mouse as /devices/platform/i8042/serio1/input/input4
[    3.598627] e1000 0000:00:03.0 eth0: (PCI:33MHz:32-bit) 02:3b:7b:b7:3b:2d
[    3.605961] e1000 0000:00:03.0 eth0: Intel(R) PRO/1000 Network Connection
[    4.368050] e1000 0000:00:08.0 eth1: (PCI:33MHz:32-bit) 08:00:27:9a:45:e3
[    4.375044] e1000 0000:00:08.0 eth1: Intel(R) PRO/1000 Network Connection
[    4.386305] e1000 0000:00:08.0 enp0s8: renamed from eth1
[    4.392079] mptbase: ioc0: Initiating bringup
[    4.406678] e1000 0000:00:03.0 enp0s3: renamed from eth0
[    4.533548] ioc0: LSI53C1030 A0: Capabilities={Initiator}
[    4.815970] scsi host2: ioc0: LSI53C1030 A0, FwRev=00000000h, Ports=1, MaxQ=256, IRQ=20
[    4.995044] scsi 2:0:0:0: Direct-Access     VBOX     HARDDISK         1.0  PQ: 0 ANSI: 5
[    5.052297] scsi target2:0:0: Beginning Domain Validation
[    5.086452] scsi target2:0:0: Domain Validation skipping write tests
[    5.100895] scsi target2:0:0: Ending Domain Validation
[    5.113035] scsi target2:0:0: asynchronous
[    5.128235] scsi 2:0:1:0: Direct-Access     VBOX     HARDDISK         1.0  PQ: 0 ANSI: 5
[    5.172162] scsi target2:0:1: Beginning Domain Validation
[    5.192138] scsi target2:0:1: Domain Validation skipping write tests
[    5.202241] scsi target2:0:1: Ending Domain Validation
[    5.210325] scsi target2:0:1: asynchronous
[    5.234797] sd 2:0:0:0: Attached scsi generic sg0 type 0
[    5.240774] sd 2:0:1:0: Attached scsi generic sg1 type 0
[    5.240968] sd 2:0:0:0: [sda] 83886080 512-byte logical blocks: (42.9 GB/40.0 GiB)
[    5.247657] sd 2:0:1:0: [sdb] 20480 512-byte logical blocks: (10.5 MB/10.0 MiB)
[    5.264886] sd 2:0:0:0: [sda] Write Protect is off
[    5.264968] sd 2:0:1:0: [sdb] Write Protect is off
[    5.276688] sd 2:0:1:0: [sdb] Incomplete mode parameter data
[    5.276970] sd 2:0:0:0: [sda] Incomplete mode parameter data
[    5.283304] sd 2:0:1:0: [sdb] Assuming drive cache: write through
[    5.289568] sd 2:0:0:0: [sda] Assuming drive cache: write through
[    5.306407] sd 2:0:1:0: [sdb] Attached SCSI disk
[    5.315257]  sda: sda1
[    5.322421] sd 2:0:0:0: [sda] Attached SCSI disk
Begin: Loading essential drivers ... [    7.916285] raid6: sse2x1   gen()  4366 MB/s
[    7.968482] raid6: sse2x1   xor()  4500 MB/s
[    8.024310] raid6: sse2x2   gen()  7637 MB/s
[    8.080335] raid6: sse2x2   xor()  6493 MB/s
[    8.132210] raid6: sse2x4   gen() 10266 MB/s
[    8.184398] raid6: sse2x4   xor()  5333 MB/s
[    8.191226] raid6: using algorithm sse2x4 gen() 10266 MB/s
[    8.199826] raid6: .... xor() 5333 MB/s, rmw enabled
[    8.207583] raid6: using ssse3x2 recovery algorithm
[    8.217931] xor: measuring software checksum speed
[    8.265596]    prefetch64-sse:  9933.000 MB/sec
[    8.321225]    generic_sse:  9517.000 MB/sec
[    8.331658] xor: using function: prefetch64-sse (9933.000 MB/sec)
[    8.346037] async_tx: api initialized (async)
done.
Begin: Running /scripts/init-premount ... done.
Begin: Mounting root file system ... Begin: Running /scripts/local-top ... done.
Begin: Running /scripts/local-premount ... [    8.485559] Btrfs loaded, crc32c=crc32c-intel
Scanning for Btrfs filesystems
done.
Warning: fsck not present, so skipping root file system
[    8.591044] EXT4-fs (sda1): mounted filesystem with ordered data mode. Opts: (null)
done.
Begin: Running /scripts/local-bottom ... done.
Begin: Running /scripts/init-bottom ... done.
[    9.058497] ip_tables: (C) 2000-2006 Netfilter Core Team
[    9.100608] systemd[1]: systemd 237 running in system mode. (+PAM +AUDIT +SELINUX +IMA +APPARMOR +SMACK +SYSVINIT +UTMP +LIBCRYPTSETUP +GCRYPT +GNUTLS +ACL +XZ +LZ4 +SECCOMP +BLKID +ELFUTILS +KMOD -IDN2 +IDN -PCRE2 default-hierarchy=hybrid)
[    9.134734] systemd[1]: Detected virtualization oracle.
[    9.143375] systemd[1]: Detected architecture x86-64.

Welcome to [1mUbuntu 18.04.6 LTS[0m!

[    9.205562] systemd[1]: Set hostname to <ubuntu>.
[    9.225413] systemd[1]: Initializing machine ID from random generator.
[    9.237417] systemd[1]: Installed transient /etc/machine-id file.
[    9.842019] systemd[1]: Reached target Mounting snaps.
[[0;32m  OK  [0m] Reached target Mounting snaps.
[    9.857279] systemd[1]: Started Forward Password Requests to Wall Directory Watch.
[[0;32m  OK  [0m] Started Forward Password Requests to Wall Directory Watch.
[    9.894033] systemd[1]: Created slice User and Session Slice.
[[0;32m  OK  [0m] Created slice User and Session Slice.
[    9.907376] systemd[1]: Created slice System Slice.
[[0;32m  OK  [0m] Created slice System Slice.
[[0;32m  OK  [0m] Listening on Device-mapper event daemon FIFOs.
[[0;32m  OK  [0m] Listening on Journal Audit Socket.
[[0;32m  OK  [0m] Listening on Journal Socket (/dev/log).
[[0;32m  OK  [0m] Set up automount Arbitrary Executab…rmats File System Automount Point.
[[0;32m  OK  [0m] Listening on LVM2 poll daemon socket.
[[0;32m  OK  [0m] Listening on Journal Socket.
         Starting Set the console keyboard layout...
         Starting Uncomplicated firewall...
         Mounting POSIX Message Queue File System...
         Starting Create list of required st…ce nodes for the current kernel...
         Starting Load Kernel Modules...
[[0;32m  OK  [0m] Listening on LVM2 metadata daemon socket.
[[0;32m  OK  [0m] Reached target System Time Synchronized.
[[0;32m  OK  [0m] Listening on Syslog Socket.
[[0;32m  OK  [0m[   10.023371] Loading iSCSI transport class v2.0-870.
] Listening on /dev/initctl Compatibility Named Pipe.
[[0;32m  OK  [0m] Listening on fsck to fsckd communication Socket.
         Starting File System Check on Root Device...
[   10.056561] iscsi: registered transport (tcp)
[[0;32m  OK  [0m] Reached target User and Group Name Lookups.
[[0;32m  OK  [0m] Reached target Swap.
         Mounting Huge Pages File System...
         Starting Journal Service...
[[0;32m  OK  [0m] Reached target Slices.
[[0;32m  OK  [0m] Listening on udev Control Socket.
         Starting Monitoring of LVM2 mirrors…ng dmeventd or progress polling...
[[0;32m  OK  [0m] Listening on udev Kernel Socket.
         Starting udev Coldplug all Devices...
[[0;32m  OK  [0m] Listening on Network Service Netlink Socket.
[[0;32m  OK  [0m] Created slice system-serial\x2dgetty.slice.
         Mounting Kernel Debug File System...
[[0;32m  OK  [0m] Reached target Mounted snaps.
[[0;32m  OK  [0m] Started Uncomplicated firewall.
[[0;32m  OK  [0m] Mounted POSIX Message Queue File System.
[[0;32m  OK  [0m] Started Create list of required sta…vice nodes for the current kernel.
[[0;32m  OK  [0m] Started File System Check on Root Device.
[[0;32m  OK  [0m] Mounted Huge Pages File System.
[[0;32m  OK  [0m] Mounted Kernel Debug File System.
[[0;32m  OK  [0m] Started LVM2 metadata daemon.
[[0;32m  OK  [0m] Started File System Check Daemon to report status.
         Starting Remount Root and Kernel File Systems...
         Starting Create Static Device Nodes in /dev...
[[0;32m  OK  [0m] Started Journal Service.
[[0;32m  OK  [0m] Started udev Coldplug all Devices.
[   10.422384] iscsi: registered transport (iser)
[[0;32m  OK  [0m] Started Load Kernel Modules.[   10.445373] EXT4-fs (sda1): re-mounted. Opts: (null)

         Mounting Kernel Configuration File System...
         Mounting FUSE Control File System...
         Starting Apply Kernel Variables...
[[0;32m  OK  [0m] Started Monitoring of LVM2 mirrors,…sing dmeventd or progress polling.
[[0;32m  OK  [0m] Started Remount Root and Kernel File Systems.
[[0;32m  OK  [0m] Started Create Static Device Nodes in /dev.
[[0;32m  OK  [0m] Mounted Kernel Configuration File System.
[[0;32m  OK  [0m] Mounted FUSE Control File System.
[[0;32m  OK  [0m] Started Apply Kernel Variables.
         Starting udev Kernel Device Manager...
         Starting Flush Journal to Persistent Storage...
         Starting Load/Save Random Seed...
[[0;32m  OK  [0m] Started Load/Save Random Seed.
[[0;32m  OK  [0m] Started udev Kernel Device Manager.
[[0;32m  OK  [0m] Started Flush Journal to Persistent Storage.
[[0;32m  OK  [0m] Found device /dev/ttyS0.
[[0;32m  OK  [0m] Listening on Load/Save RF Kill Switch Status /dev/rfkill Watch.
[[0;32m  OK  [0m] Started Set the console keyboard layout.
[[0;32m  OK  [0m] Reached target Local File Systems (Pre).
[[0;32m  OK  [0m] Reached target Local File Systems.
         Starting Commit a transient machine-id on disk...
         Starting Create Volatile Files and Directories...
         Starting Set console font and keymap...
         Starting AppArmor initialization...
         Starting Tell Plymouth To Write Out Runtime Data...
         Starting ebtables ruleset management...
[[0;32m  OK  [0m] Started Dispatch Password Requests to Console Directory Watch.
[[0;32m  OK  [0m] Reached target Local Encrypted Volumes.
[[0;32m  OK  [0m] Started Create Volatile Files and Directories.
         Starting Update UTMP about System Boot/Shutdown...
[[0;32m  OK  [0m] Started Tell Plymouth To Write Out Runtime Data.
[[0;32m  OK  [0m] Started Update UTMP about System Boot/Shutdown.
[[0;32m  OK  [0m] Started Commit a transient machine-id on disk.
         Mounting Arbitrary Executable File Formats File System...
[[0;32m  OK  [0m] Started ebtables ruleset management.
[[0;32m  OK  [0m] Mounted Arbitrary Executable File Formats File System.
[[0;32m  OK  [0m] Started AppArmor initialization.
         Starting Initial cloud-init job (pre-networking)...
         Starting Load AppArmor profiles managed internally by snapd...
[[0;32m  OK  [0m] Started Load AppArmor profiles managed internally by snapd.
[[0;32m  OK  [0m] Started Set console font and keymap.
[   15.663471] cloud-init[777]: Cloud-init v. 23.1.2-0ubuntu0~18.04.1 running 'init-local' at Thu, 25 Jan 2024 13:12:53 +0000. Up 15.19 seconds.
[[0;32m  OK  [0m] Started Initial cloud-init job (pre-networking).
[[0;32m  OK  [0m] Reached target Network (Pre).
         Starting Network Service...
[[0;32m  OK  [0m] Started Network Service.
         Starting Network Name Resolution...
         Starting Wait for Network to be Configured...
[[0;32m  OK  [0m] Started Network Name Resolution.
[[0;32m  OK  [0m] Reached target Network.
[[0;32m  OK  [0m] Reached target Host and Network Name Lookups.
[[0;32m  OK  [0m] Started Wait for Network to be Configured.
         Starting Initial cloud-init job (metadata service crawler)...
[   17.744293] cloud-init[945]: Cloud-init v. 23.1.2-0ubuntu0~18.04.1 running 'init' at Thu, 25 Jan 2024 13:12:55 +0000. Up 17.55 seconds.
[   17.755750] cloud-init[945]: ci-info: ++++++++++++++++++++++++++++++++++++++Net device info+++++++++++++++++++++++++++++++++++++++
[   17.766776] cloud-init[945]: ci-info: +--------+-------+----------------------------+---------------+--------+-------------------+
[   17.777171] cloud-init[945]: ci-info: | Device |   Up  |          Address           |      Mask     | Scope  |     Hw-Address    |
[   17.788141] cloud-init[945]: ci-info: +--------+-------+----------------------------+---------------+--------+-------------------+
[   17.800512] cloud-init[945]: ci-info: | enp0s3 |  True |         10.0.2.15          | 255.255.255.0 | global | 02:3b:7b:b7:3b:2d |
[   17.812124] cloud-init[945]: ci-info: | enp0s3 |  True | fe80::3b:7bff:feb7:3b2d/64 |       .       |  link  | 02:3b:7b:b7:3b:2d |
[   17.822972] cloud-init[945]: ci-info: | enp0s8 | False |             .              |       .       |   .    | 08:00:27:9a:45:e3 |
[   17.834864] cloud-init[945]: ci-info: |   lo   |  True |         127.0.0.1          |   255.0.0.0   |  host  |         .         |
[   17.845915] cloud-init[945]: ci-info: |   lo   |  True |          ::1/128           |       .       |  host  |         .         |
[   17.861491] cloud-init[945]: ci-info: +--------+-------+----------------------------+---------------+--------+-------------------+
[   17.872534] cloud-init[945]: ci-info: ++++++++++++++++++++++++++++Route IPv4 info+++++++++++++++++++++++++++++
[   17.883530] cloud-init[945]: ci-info: +-------+-------------+----------+-----------------+-----------+-------+
[   17.894639] cloud-init[945]: ci-info: | Route | Destination | Gateway  |     Genmask     | Interface | Flags |
[   17.905205] cloud-init[945]: ci-info: +-------+-------------+----------+-----------------+-----------+-------+
[   17.914672] cloud-init[945]: ci-info: |   0   |   0.0.0.0   | 10.0.2.2 |     0.0.0.0     |   enp0s3  |   UG  |
[   17.926021] cloud-init[945]: ci-info: |   1   |   10.0.2.0  | 0.0.0.0  |  255.255.255.0  |   enp0s3  |   U   |
[   17.935648] cloud-init[945]: ci-info: |   2   |   10.0.2.2  | 0.0.0.0  | 255.255.255.255 |   enp0s3  |   UH  |
[   17.947480] cloud-init[945]: ci-info: +-------+-------------+----------+-----------------+-----------+-------+
[   17.959855] cloud-init[945]: ci-info: +++++++++++++++++++Route IPv6 info+++++++++++++++++++
[   17.971719] cloud-init[945]: ci-info: +-------+-------------+---------+-----------+-------+
[   17.986090] cloud-init[945]: ci-info: | Route | Destination | Gateway | Interface | Flags |
[   18.000594] cloud-init[945]: ci-info: +-------+-------------+---------+-----------+-------+
[   18.011195] cloud-init[945]: ci-info: |   1   |  fe80::/64  |    ::   |   enp0s3  |   U   |
[   18.024101] cloud-init[945]: ci-info: |   3   |    local    |    ::   |   enp0s3  |   U   |
[   18.036179] cloud-init[945]: ci-info: |   4   |   ff00::/8  |    ::   |   enp0s3  |   U   |
[   18.046351] cloud-init[945]: ci-info: +-------+-------------+---------+-----------+-------+
[   19.301942] cloud-init[945]: Generating public/private rsa key pair.
[   19.310215] cloud-init[945]: Your identification has been saved in /etc/ssh/ssh_host_rsa_key.
[   19.319772] cloud-init[945]: Your public key has been saved in /etc/ssh/ssh_host_rsa_key.pub.
[   19.329737] cloud-init[945]: The key fingerprint is:
[   19.337869] cloud-init[945]: SHA256:b3/tczk7yo1E0ImOf1/7OtSywzrMijhGhiirHb6Ted8 root@ubuntu-bionic
[   19.347786] cloud-init[945]: The key's randomart image is:
[   19.355801] cloud-init[945]: +---[RSA 2048]----+
[   19.363807] cloud-init[945]: |                 |
[   19.371361] cloud-init[945]: |            o .  |
[   19.378979] [[0;32m  OK  [0m] Started Initial cloud-init job (metadata service crawler).
[[0;32m  OK  [0m] Reached target Network is Online.
         Starting Availability of block devices...
[[0;32m  OK  [0m] Reached target Remote File Systems (Pre).
[[0;32m  OK  [0m] Reached target Remote File Systems.
[[0;32m  OK  [0m] Reached target System Initialization.
[[0;32m  OK  [0m] Listening on D-Bus System Message Bus Socket.
         Starting Socket activation for snappy daemon.
         Starting LXD - unix socket.
[[0;32m  OK  [0m] Listening on ACPID Listen Socket.
[[0;32m  OK  [0m] Started Discard unused blocks once a week.
[[0;32m  OK  [0m] Started Ubuntu Advantage Timer for running repeated jobs.
[[0;32m  OK  [0m] Listening on cloud-init hotplug hook socket.
[[0;32m  OK  [0m] Started Message of the Day.
[[0;32m  OK  [0m] Started Daily Cleanup of Temporary Directories.
[[0;32m  OK  [0m] Listening on UUID daemon activation socket.
[[0;32m  OK  [0m] Listening on Open-iSCSI iscsid Socket.
[[0;32m  OK  [0m] Started Daily apt download activities.
cloud-init[945]: |           o o   |
[   19.405060] cloud-init[945]: |          o .    |
[   19.405622] cloud-init[945]: |   . .  S. . . . |
[   19.406256] cloud-init[945]: |. . . o  .. . o .|
[   19.406972] cloud-init[945]: | o.o o    o+ = +o|
[   19.407609] cloud-init[945]: |.o+.. oo o .B X==|
[   19.409133] cloud-init[945]: |o ++ oo.E ..oBoXX|
[   19.409660] cloud-init[945]: +----[SHA256]-----+
[   19.410293] cloud-init[945]: Generating public/private dsa key pair.
[   19.410934] cloud-init[945]: Your identification has been saved in /etc/ssh/ssh_host_dsa_key.[[0;32m  OK  [0m] Started Daily apt upgrade and clean activities.
[[0;32m  OK  [0m] Reached target Timers.

[[0;32m  OK  [0m] Started ACPI Events Check.
[[0;32m  OK  [0m] Reached target Paths.
[[0;32m  OK  [0m] Reached target Cloud-config availability.
[[0;32m  OK  [0m] Started Availability of block devices.
[[0;32m  OK  [0m] Listening on Socket activation for snappy daemon.
[[0;32m  OK  [0m] Listening on LXD - unix socket.
[[0;32m  OK  [0m] Reached target Sockets.
[[0;32m  OK  [0m] Reached target Basic System.
[   19.482968] cloud-init[945]: Your public key has been saved in /etc/ssh/ssh_host_dsa_key.pub.         Starting LXD - container startup/shutdown...

[   19.503205] cloud-init[945]: The key fingerprint is:
[   19.511927] cloud-init[945]: SHA256:yxpC2Rljuxvo5NEcS8YkyF4NsEbxOYaMht/sukG1x/0 root@ubuntu-bionic
         Starting Dispatcher daemon for systemd-networkd...
[   19.525192] cloud-init[945]: The key's randomart image is:
[[0;32m  OK  [0m] Started D-Bus System Message Bus.
[   19.541767] cloud-init[945]: +---[DSA 1024]----+
[   19.551375] cloud-init[945]: |  +o.            |
[   19.554631] cloud-init[945]: |.= = +           |
[   19.558481] cloud-init[945]: |o.B O *          |
[   19.562426] cloud-init[945]: |.+ * @ *         |
[   19.565502] cloud-init[945]: |  + * @ S        |
[   19.569239] cloud-init[945]: | . o B = o       |
[   19.573345] cloud-init[945]: |  . * B o E      |
[   19.577251] cloud-init[945]: |   * o =         |
[   19.581476] cloud-init[945]: |  o.o o          |
[   19.585253] cloud-init[945]: +----[SHA256]-----+
[   19.590759] cloud-init[945]: Generating public/private ecdsa key pair.
[   19.594855] cloud-init[945]: Your identification has been saved in /etc/ssh/ssh_host_ecdsa_key.
[   19.599946] cloud-init[945]: Your public key has been saved in /etc/ssh/ssh_host_ecdsa_key.pub.
[   19.606173] cloud-init[945]: The key fingerprint is:
[   19.615319] cloud-init[945]: SHA256:knORGbyCeqTGflPz0YoyluDcMwXUGGugd7o4zjE2aZk root@ubuntu-bionic
[   19.626507] cloud-init[945]: The key's randomart image is:
[   19.637917] cloud-init[[0;32m  OK  [0m] Started FUSE filesystem for LXC.
[945]: +---[ECDSA 256]---+
[   19.652020] cloud-init[945]: |  . .+ ..        |
[   19.662325] cloud-init[945]: | . .o.. .+       |
[   19.673278] cloud-init[945]: |. ..+.  +.       |
[   19.685560] cloud-init[945]: | . ++ ....       |
[   19.694230] cloud-init[945]: | ..+ .+.S.       |
[   19.701810] cloud-init[945]: | .X.. ++. .      |
[   19.710502] cloud-init[945]: |oE.+ + + o       |
[   19.718158] cloud-init[945]: |=.B @ . o        |
[   19.727067] cloud-init[945]: | o o *           |
[   19.734535] cloud-init[945]: +----[SHA256]-----+
[[0;32m  OK  [0m] Started irqbalance daemon.
         Starting Accounts Service...
         Starting LSB: Record successful boot for GRUB...
[   19.759236] cloud-init[945]: Generating public/private ed25519 key pair.
[   19.770724] cloud-init[945]: Your identification has been saved in /etc/ssh/ssh_host_ed25519_key.
[   19.783826] cloud-init[945]: Your public key has been saved in /etc/ssh/ssh_host_ed25519_key.pub.
[   19.798641] cloud-init[945]: The key fingerprint is:
[   19.807576] cloud-init[945]: SHA256:dmQjjeQv6zs4IMTnwOsEQaW0NhVU8/V821JY7xvt4mc root@ubuntu-bionic         Starting Snap Daemon...
[[0;32m  OK  [0m] Started Deferred execution scheduler.
         Starting Virtualbox guest utils...

         Starting Permit User Sessions...
[[0;32m  OK  [0m] Reached target Login Prompts (Pre).
[   19.837539] cloud-init[945]: The key's randomart image is:         Starting Login Service...

         Starting LSB: automatic crash report generation...
[   19.867274] cloud-init[945]: +--[ED25519 256]--+
[   19.895566] cloud-init[945]: |.oo=oo  ..     . |
[   19.923562] cloud-init[945]: |o +   oo.oo   o .|
[   19.933623] cloud-init[945]: | O     .+ =o o ..|
[   19.941367] cloud-init[945]: |o * .    = .. +..|
[   19.950521] cloud-init[945]: | o =    S o  o oo|
[   19.958460] cloud-init[945]: |  + o  . +    ..o|
[   19.971428] cloud-init         Starting Pollinate to seed the pseudo random number generator...
[945]: | o . . ..     ...|         Starting System Logging Service...

[   19.990324] cloud-init[945]: |  .   o..    . .E|
[   20.005533] cloud-init[945]: |       .oo    .o |
[   20.021530] cloud-init[945]: +----[SHA256]-----+
[[0;32m  OK  [0m] Started Regular background program processing daemon.
[[0;32m  OK  [0m] Started Permit User Sessions.
[[0;32m  OK  [0m] Started System Logging Service.
[[0;32m  OK  [0m] Started Login Service.
[[0;32m  OK  [0m] Started Unattended Upgrades Shutdown.
         Starting Authorization Manager...
         Starting Terminate Plymouth Boot Screen...
         Starting Hold until boot process finishes up...
[[0;32m  OK  [0m] Started Hold until boot process finishes up.
[[0;32m  OK  [0m] Started Serial Getty on ttyS0.
         Starting Set console scheme...
[[0;32m  OK  [0m] Started Terminate Plymouth Boot Screen.
[[0;32m  OK  [0m] Started LSB: automatic crash report generation.
[[0;32m  OK  [0m] Started LXD - container startup/shutdown.
[[0;32m  OK  [0m] Started LSB: Record successful boot for GRUB.
[[0;32m  OK  [0m] Started Authorization Manager.
[[0;32m  OK  [0m] Started Accounts Service.
[[0;32m  OK  [0m] Started Set console scheme.
[[0;32m  OK  [0m] Created slice system-getty.slice.
[[0;32m  OK  [0m] Started Getty on tty1.
[[0;32m  OK  [0m] Reached target Login Prompts.
[[0;32m  OK  [0m] Started Virtualbox guest utils.
[[0;32m  OK  [0m] Started Dispatcher daemon for systemd-networkd.
[[0;32m  OK  [0m] Started Snap Daemon.
         Starting Wait until snapd is fully seeded...
[[0;32m  OK  [0m] Started Pollinate to seed the pseudo random number generator.
         Starting OpenBSD Secure Shell server...
[[0;32m  OK  [0m] Started OpenBSD Secure Shell server.
[[0;32m  OK  [0m] Created slice User Slice of vagrant.
         Starting User Manager for UID 1000...
[[0;32m  OK  [0m] Started Session 1 of user vagrant.
[[0;32m  OK  [0m] Started User Manager for UID 1000.
         Starting Time & Date Service...
[[0;32m  OK  [0m] Started Time & Date Service.

Ubuntu 18.04.6 LTS ubuntu-bionic ttyS0

ubuntu-bionic login: [   28.895618] cloud-init[1617]: Cloud-init v. 23.1.2-0ubuntu0~18.04.1 running 'modules:config' at Thu, 25 Jan 2024 13:13:06 +0000. Up 28.22 seconds.
ci-info: no authorized SSH keys fingerprints found for user ubuntu.
<14>Jan 25 13:13:07 cloud-init: #############################################################
<14>Jan 25 13:13:07 cloud-init: -----BEGIN SSH HOST KEY FINGERPRINTS-----
<14>Jan 25 13:13:07 cloud-init: 1024 SHA256:yxpC2Rljuxvo5NEcS8YkyF4NsEbxOYaMht/sukG1x/0 root@ubuntu-bionic (DSA)
<14>Jan 25 13:13:07 cloud-init: 256 SHA256:knORGbyCeqTGflPz0YoyluDcMwXUGGugd7o4zjE2aZk root@ubuntu-bionic (ECDSA)
<14>Jan 25 13:13:07 cloud-init: 256 SHA256:dmQjjeQv6zs4IMTnwOsEQaW0NhVU8/V821JY7xvt4mc root@ubuntu-bionic (ED25519)
<14>Jan 25 13:13:07 cloud-init: 2048 SHA256:b3/tczk7yo1E0ImOf1/7OtSywzrMijhGhiirHb6Ted8 root@ubuntu-bionic (RSA)
<14>Jan 25 13:13:07 cloud-init: -----END SSH HOST KEY FINGERPRINTS-----
<14>Jan 25 13:13:07 cloud-init: #############################################################
-----BEGIN SSH HOST KEY KEYS-----
ecdsa-sha2-nistp256 AAAAE2VjZHNhLXNoYTItbmlzdHAyNTYAAAAIbmlzdHAyNTYAAABBBOFZU53a1npURFizPcdmyZtG9He8xHCf28DKAIsm8dGrEGZsCFbKoted8mVh+SRT4K+Q5t7mPA9gufN3dA4CkAs= root@ubuntu-bionic
ssh-ed25519 AAAAC3NzaC1lZDI1NTE5AAAAIHccmtSe+BDt3pKMNkS/gfYc4iJspz+BjjpVCJ9g8GPL root@ubuntu-bionic
ssh-rsa AAAAB3NzaC1yc2EAAAADAQABAAABAQCvDO3tXb9rLZFxE49HcwBiYiz6h0n0oL+6647RqPBF/61NeL31LqAa4F8NbjERieildJMivwYbSf3zcbvnNjvCk5gQgOUZnAQdkk9+/CBRlWoi4IwOR2d8H2ZWBKmFUsan4EOg/fRXXhi0XFbNqtHN6+LJDSOSN5pSZyDiW2RRf8futWH/rjIQLRu/jbBIufepD4m5OixhXdppgHM1p9Xw5nlhBg+sCmIbuvHlO8CgquQUkU1brDcoYAgp9HbEldrzfcdwA61UwgufeVncp7fYaGl3r0Bm6Jj5i5U6cqSvr4WZjGxuHTDvoP+UufZ8JVGEHs8VlNdvxZJvfvLXAFRd root@ubuntu-bionic
-----END SSH HOST KEY KEYS-----
[   29.833098] cloud-init[1787]: Cloud-init v. 23.1.2-0ubuntu0~18.04.1 running 'modules:final' at Thu, 25 Jan 2024 13:13:07 +0000. Up 29.57 seconds.
[   29.833624] cloud-init[1787]: Cloud-init v. 23.1.2-0ubuntu0~18.04.1 finished at Thu, 25 Jan 2024 13:13:07 +0000. Datasource DataSourceNoCloud [seed=/dev/sdb][dsmode=net].  Up 29.82 seconds
                  [ 3935.661081] PANIC: double fault, error_code: 0x0
[ 3935.688096] Kernel panic - not syncing: Machine halted.
[ 3935.693522] CPU: 0 PID: 1072 Comm: cron Not tainted 4.15.0-212-generic #223-Ubuntu
[ 3935.701515] Hardware name: innotek GmbH VirtualBox/VirtualBox, BIOS VirtualBox 12/01/2006
[ 3935.708900] Call Trace:
[ 3935.711561]  <#DF>
[ 3935.714465]  dump_stack+0x6d/0x8b
[ 3935.718661]  panic+0xf7/0x25a
[ 3935.721693]  df_debug+0x2d/0x30
[ 3935.724911]  do_double_fault+0xa1/0x130
[ 3935.728557]  double_fault+0x1e/0x30
[ 3935.731930] RIP: 0010:__do_page_fault+0x1f/0x4b0
[ 3935.736920] RSP: 0000:fffffe0000002010 EFLAGS: 00010082
[ 3935.741742] RAX: 0000000000000028 RBX: 0000000000000000 RCX: ffffffffa2e00a47
[ 3935.748129] RDX: 0000000000000028 RSI: 0000000000000000 RDI: fffffe00000020b8
[ 3935.755116] RBP: fffffe0000002078 R08: 0000000000000000 R09: 0000000000000000
[ 3935.761590] R10: 0000000000000000 R11: 0000000000000000 R12: 0000000000000028
[ 3935.767833] R13: fffffe00000020b8 R14: 0000000000000000 R15: 0000000000000000
[ 3935.774593]  ? native_iret+0x7/0x7
[ 3935.777849]  </#DF>
[ 3935.781140]  <ENTRY_TRAMPOLINE>
[ 3935.784584]  do_page_fault+0x2e/0xe0
[ 3935.789291]  page_fault+0x25/0x50
[ 3935.792753] RIP: 0010:__do_page_fault+0x1f/0x4b0
[ 3935.797270] RSP: 0000:fffffe0000002160 EFLAGS: 00010086
[ 3935.802390] RAX: 0000000000000028 RBX: 0000000000000000 RCX: ffffffffa2e00a47
[ 3935.809564] RDX: 0000000000000028 RSI: 0000000000000000 RDI: fffffe0000002208
[ 3935.816147] RBP: fffffe00000021c8 R08: 0000000000000000 R09: 0000000000000000
[ 3935.822955] R10: 0000000000000000 R11: 0000000000000000 R12: 0000000000000028
[ 3935.829594] R13: fffffe0000002208 R14: 0000000000000000 R15: 0000000000000000
[ 3935.836641]  ? native_iret+0x7/0x7
[ 3935.840215]  do_page_fault+0x2e/0xe0
[ 3935.844051]  page_fault+0x25/0x50
[ 3935.847538] RIP: 0010:__do_page_fault+0x1f/0x4b0
[ 3935.852167] RSP: 0000:fffffe00000022b0 EFLAGS: 00010082
[ 3935.857059] RAX: 0000000000000028 RBX: 0000000000000000 RCX: ffffffffa2e00a47
[ 3935.863756] RDX: 0000000000000028 RSI: 0000000000000000 RDI: fffffe0000002358
[ 3935.870846] RBP: fffffe0000002318 R08: 0000000000000000 R09: 0000000000000000
[ 3935.877629] R10: 0000000000000000 R11: 0000000000000000 R12: 0000000000000028
[ 3935.884240] R13: fffffe0000002358 R14: 0000000000000000 R15: 0000000000000000
[ 3935.891014]  ? native_iret+0x7/0x7
[ 3935.894622]  do_page_fault+0x2e/0xe0
[ 3935.898482]  page_fault+0x25/0x50
[ 3935.901883] RIP: 0010:__do_page_fault+0x1f/0x4b0
[ 3935.906395] RSP: 0000:fffffe0000002400 EFLAGS: 00010086
[ 3935.911936] RAX: 0000000000000028 RBX: 0000000000000000 RCX: ffffffffa2e00a47
[ 3935.918805] RDX: 0000000000000028 RSI: 0000000000000000 RDI: fffffe00000024a8
[ 3935.925605] RBP: fffffe0000002468 R08: 0000000000000000 R09: 0000000000000000
[ 3935.932341] R10: 0000000000000000 R11: 0000000000000000 R12: 0000000000000028
[ 3935.939493] R13: fffffe00000024a8 R14: 0000000000000000 R15: 0000000000000000
[ 3935.946483]  ? native_iret+0x7/0x7
[ 3935.950011]  do_page_fault+0x2e/0xe0
[ 3935.953973]  page_fault+0x25/0x50
[ 3935.957507] RIP: 0010:__do_page_fault+0x1f/0x4b0
[ 3935.961928] RSP: 0000:fffffe0000002550 EFLAGS: 00010086
[ 3935.967151] RAX: 0000000000000028 RBX: 0000000000000000 RCX: ffffffffa2e00a47
[ 3935.973851] RDX: 0000000000000028 RSI: 0000000000000000 RDI: fffffe00000025f8
[ 3935.980299] RBP: fffffe00000025b8 R08: 0000000000000000 R09: 0000000000000000
[ 3935.987088] R10: 0000000000000000 R11: 0000000000000000 R12: 0000000000000028
[ 3935.993826] R13: fffffe00000025f8 R14: 0000000000000000 R15: 0000000000000000
[ 3936.000324]  ? native_iret+0x7/0x7
[ 3936.004970]  do_page_fault+0x2e/0xe0
[ 3936.008584]  page_fault+0x25/0x50
[ 3936.012360] RIP: 0010:__do_page_fault+0x1f/0x4b0
[ 3936.016909] RSP: 0000:fffffe00000026a0 EFLAGS: 00010086
[ 3936.022602] RAX: 0000000000000028 RBX: 0000000000000000 RCX: ffffffffa2e00a47
[ 3936.029402] RDX: 0000000000000028 RSI: 0000000000000000 RDI: fffffe0000002748
[ 3936.036530] RBP: fffffe0000002708 R08: 0000000000000000 R09: 0000000000000000
[ 3936.043018] R10: 0000000000000000 R11: 0000000000000000 R12: 0000000000000028
[ 3936.050755] R13: fffffe0000002748 R14: 0000000000000000 R15: 0000000000000000
[ 3936.057971]  ? native_iret+0x7/0x7
[ 3936.061565]  do_page_fault+0x2e/0xe0
[ 3936.065219]  page_fault+0x25/0x50
[ 3936.068660] RIP: 0010:__do_page_fault+0x1f/0x4b0
[ 3936.073215] RSP: 0000:fffffe00000027f0 EFLAGS: 00010086
[ 3936.078575] RAX: 0000000000000028 RBX: 0000000000000000 RCX: ffffffffa2e00a47
[ 3936.085157] RDX: 0000000000000028 RSI: 0000000000000000 RDI: fffffe0000002898
[ 3936.093027] RBP: fffffe0000002858 R08: 0000000000000000 R09: 0000000000000000
[ 3936.099973] R10: 0000000000000000 R11: 0000000000000000 R12: 0000000000000028
[ 3936.107207] R13: fffffe0000002898 R14: 0000000000000000 R15: 0000000000000000
[ 3936.114711]  ? native_iret+0x7/0x7
[ 3936.119108]  do_page_fault+0x2e/0xe0
[ 3936.122798]  page_fault+0x25/0x50
[ 3936.126264] RIP: 0010:__do_page_fault+0x1f/0x4b0
[ 3936.130916] RSP: 0000:fffffe0000002940 EFLAGS: 00010082
[ 3936.136102] RAX: 0000000000000028 RBX: 0000000000000000 RCX: ffffffffa2e00a47
[ 3936.142574] RDX: 0000000000000028 RSI: 0000000000000000 RDI: fffffe00000029e8
[ 3936.149108] RBP: fffffe00000029a8 R08: 0000000000000000 R09: 0000000000000000
[ 3936.155751] R10: 0000000000000000 R11: 0000000000000000 R12: 0000000000000028
[ 3936.162470] R13: fffffe00000029e8 R14: 0000000000000000 R15: 0000000000000000
[ 3936.169218]  ? native_iret+0x7/0x7
[ 3936.173148]  do_page_fault+0x2e/0xe0
[ 3936.176776]  page_fault+0x25/0x50
[ 3936.180584] RIP: 0010:__do_page_fault+0x1f/0x4b0
[ 3936.185255] RSP: 0000:fffffe0000002a90 EFLAGS: 00010086
[ 3936.190545] RAX: 0000000000000028 RBX: 0000000000000000 RCX: ffffffffa2e00a47
[ 3936.198076] RDX: 0000000000000028 RSI: 0000000000000000 RDI: fffffe0000002b38
[ 3936.204810] RBP: fffffe0000002af8 R08: 0000000000000000 R09: 0000000000000000
[ 3936.211556] R10: 0000000000000000 R11: 0000000000000000 R12: 0000000000000028
[ 3936.218269] R13: fffffe0000002b38 R14: 0000000000000000 R15: 0000000000000000
[ 3936.224938]  ? native_iret+0x7/0x7
[ 3936.228422]  do_page_fault+0x2e/0xe0
[ 3936.232036]  page_fault+0x25/0x50
[ 3936.235688] RIP: 0010:__do_page_fault+0x1f/0x4b0
[ 3936.240269] RSP: 0000:fffffe0000002be0 EFLAGS: 00010082
[ 3936.245277] RAX: 0000000000000028 RBX: 0000000000000000 RCX: ffffffffa2e00a47
[ 3936.252146] RDX: 0000000000000028 RSI: 0000000000000000 RDI: fffffe0000002c88
[ 3936.258903] RBP: fffffe0000002c48 R08: 0000000000000000 R09: 0000000000000000
[ 3936.265583] R10: 0000000000000000 R11: 0000000000000000 R12: 0000000000000028
[ 3936.272657] R13: fffffe0000002c88 R14: 0000000000000000 R15: 0000000000000000
[ 3936.279254]  ? native_iret+0x7/0x7
[ 3936.282770]  do_page_fault+0x2e/0xe0
[ 3936.286549]  page_fault+0x25/0x50
[ 3936.289909] RIP: 0010:__do_page_fault+0x1f/0x4b0
[ 3936.294789] RSP: 0000:fffffe0000002d30 EFLAGS: 00010086
[ 3936.299994] RAX: 0000000000000028 RBX: 0000000000000000 RCX: ffffffffa2e00a47
[ 3936.306419] RDX: 0000000000000028 RSI: 0000000000000000 RDI: fffffe0000002dd8
[ 3936.312705] RBP: fffffe0000002d98 R08: 0000000000000000 R09: 0000000000000000
[ 3936.319087] R10: 0000000000000000 R11: 0000000000000000 R12: 0000000000000028
[ 3936.325707] R13: fffffe0000002dd8 R14: 0000000000000000 R15: 0000000000000000
[ 3936.331956]  ? native_iret+0x7/0x7
[ 3936.335681]  do_page_fault+0x2e/0xe0
[ 3936.339006]  page_fault+0x25/0x50
[ 3936.342112] RIP: 0010:__do_page_fault+0x1f/0x4b0
[ 3936.346474] RSP: 0000:fffffe0000002e80 EFLAGS: 00010082
[ 3936.351447] RAX: 00007ff5a7b2e990 RBX: 0000000000000007 RCX: ffffffffa2e00a47
[ 3936.358127] RDX: 00007ff5a7b2e990 RSI: 0000000000000007 RDI: fffffe0000002f28
[ 3936.364616] RBP: fffffe0000002ee8 R08: 0000000000000000 R09: 0000000000000000
[ 3936.371050] R10: 0000000000000000 R11: 0000000000000000 R12: 00007ff5a7b2e990
[ 3936.378454] R13: fffffe0000002f28 R14: 0000000000000000 R15: 0000000000000000
[ 3936.384723]  ? native_iret+0x7/0x7
[ 3936.388815]  do_page_fault+0x2e/0xe0
[ 3936.392261]  page_fault+0x25/0x50
[ 3936.395635] RIP: 0010:apic_timer_interrupt+0x0/0xa0
[ 3936.400049] RSP: 0000:fffffe0000002fd8 EFLAGS: 00010046
[ 3936.406579] RAX: 0000000000000000 RBX: 00007ffece9686f0 RCX: 00007ff5a78247cc
[ 3936.412833] RDX: 0000000000000000 RSI: 0000000000000000 RDI: 00007ff5a7b2e968
[ 3936.419578] RBP: 00007ffece968760 R08: 00007ff5a8183840 R09: 0000000000000010
[ 3936.426407] R10: 00007ff5a8183b10 R11: 0000000000000246 R12: 0000000000000942
[ 3936.432574] R13: 00000000000000ca R14: 0000000000000000 R15: 0000000000000000
[ 3936.438649]  </ENTRY_TRAMPOLINE>
[ 3936.444075] Kernel Offset: 0x21400000 from 0xffffffff81000000 (relocation range: 0xffffffff80000000-0xffffffffbfffffff)
[ 3936.454088] ---[ end Kernel panic - not syncing: Machine halted.
